[wordpressboss.com/wb/nista-demo/index-image.html]
[backblue.gif]
[fade.gif]
[index.html]
[wordpressboss.com/wb/nista-demo/index.html]
[wordpressboss.com/wb/nista-demo/assets/images/work/1.jpg]
[wordpressboss.com/wb/nista-demo/assets/images/work/2.jpg]
[wordpressboss.com/wb/nista-demo/assets/images/work/3.jpg]
[wordpressboss.com/wb/nista-demo/assets/images/work/4.jpg]
[wordpressboss.com/wb/nista-demo/assets/images/work/5.jpg]
[wordpressboss.com/wb/nista-demo/assets/images/work/6.jpg]
[wordpressboss.com/wb/nista-demo/assets/js/jquery.min.js]
[wordpressboss.com/wb/nista-demo/assets/bootstrap/js/bootstrap.min.js]
[wordpressboss.com/wb/nista-demo/assets/owlcarousel/js/owl.carousel.min.js]
[wordpressboss.com/wb/nista-demo/assets/js/jquery.mixitup.js]
[wordpressboss.com/wb/nista-demo/assets/js/jquery.stellar.min.js]
[wordpressboss.com/wb/nista-demo/assets/js/jquery.magnific-popup.min.js]
[wordpressboss.com/wb/nista-demo/assets/js/jquery.counterup.min.js]
[wordpressboss.com/wb/nista-demo/assets/js/jquery.waypoints.min.js]
[wordpressboss.com/wb/nista-demo/assets/js/gmap3.min.js]
[wordpressboss.com/wb/nista-demo/assets/js/wow.min.js]
[wordpressboss.com/wb/nista-demo/assets/js/scripts.js]
[wordpressboss.com/wb/nista-demo/index-image.html]
[wordpressboss.com/wb/nista-demo/assets/bootstrap/fonts/glyphicons-halflings-regular.eot]
[wordpressboss.com/wb/nista-demo/assets/bootstrap/fonts/glyphicons-halflings-regular.woff2]
[wordpressboss.com/wb/nista-demo/assets/bootstrap/fonts/glyphicons-halflings-regulard41d.eot]
[wordpressboss.com/wb/nista-demo/assets/bootstrap/fonts/glyphicons-halflings-regular.woff]
[wordpressboss.com/wb/nista-demo/assets/bootstrap/fonts/glyphicons-halflings-regular.ttf]
[wordpressboss.com/wb/nista-demo/assets/bootstrap/css/bootstrap.min.css]
[wordpressboss.com/wb/nista-demo/assets/fonts/fontawesome-webfont3e6e.eot]
[wordpressboss.com/wb/nista-demo/assets/fonts/fontawesome-webfontd41d.eot]
[wordpressboss.com/wb/nista-demo/assets/fonts/fontawesome-webfont3e6e.woff2]
[wordpressboss.com/wb/nista-demo/assets/fonts/fontawesome-webfont3e6e.woff]
[wordpressboss.com/wb/nista-demo/assets/fonts/fontawesome-webfont3e6e.ttf]
[wordpressboss.com/wb/nista-demo/assets/fonts/font-awesome.min.css]
[wordpressboss.com/wb/nista-demo/assets/owlcarousel/css/owl.carousel.css]
[wordpressboss.com/wb/nista-demo/assets/owlcarousel/css/owl.theme.css]
[wordpressboss.com/wb/nista-demo/assets/css/magnific-popup.css]
[wordpressboss.com/wb/nista-demo/assets/css/animate.min.css]
[wordpressboss.com/wb/nista-demo/assets/css/effects.css]
[wordpressboss.com/wb/nista-demo/assets/images/bg/bg.jpg]
[wordpressboss.com/wb/nista-demo/assets/css/style.css]
[wordpressboss.com/wb/nista-demo/assets/css/responsive.css]
[wordpressboss.com/wb/nista-demo/index-particle.html]
[wordpressboss.com/wb/nista-demo/assets/images/demo1.png]
[wordpressboss.com/wb/nista-demo/assets/images/demo2.png]
[wordpressboss.com/wb/nista-demo/index.html]
[wordpressboss.com/wb/nista-demo/assets/bootstrap/fonts/glyphicons-halflings-regular.svg]
[wordpressboss.com/wb/nista-demo/assets/fonts/fontawesome-webfont3e6e.svg]
[wordpressboss.com/wb/nista-demo/assets/js/particles.min.js]
[wordpressboss.com/wb/nista-demo/assets/js/app.js]
[wordpressboss.com/wb/nista-demo/index-particle.html]
[wordpressboss.com/wb/nista-demo/assets/owlcarousel/css/grabbing.html]
[wordpressboss.com/wb/nista-demo/assets/owlcarousel/css/AjaxLoader.html]
